Started GET "/" for 127.0.0.1 at 2024-02-28 11:08:24 +0530
  [1m[35m (5.1ms)[0m  [1m[35mCREATE TABLE "schema_migrations" ("version" varchar NOT NULL PRIMARY KEY)[0m
  [1m[35m (0.7ms)[0m  [1m[35mCREATE TABLE "ar_internal_metadata" ("key" varchar NOT NULL PRIMARY KEY, "value" varchar, "created_at" datetime(6) NOT NULL, "updated_at" datetime(6) NOT NULL)[0m
  [1m[36mActiveRecord::SchemaMigration Load (0.3ms)[0m  [1m[34mSELECT "schema_migrations"."version" FROM "schema_migrations" ORDER BY "schema_migrations"."version" ASC[0m
Processing by Rails::WelcomeController#index as HTML
  Rendering C:/Users/JEEVANSH/.local/share/gem/ruby/3.2.0/gems/railties-7.1.3.2/lib/rails/templates/rails/welcome/index.html.erb
  Rendered C:/Users/JEEVANSH/.local/share/gem/ruby/3.2.0/gems/railties-7.1.3.2/lib/rails/templates/rails/welcome/index.html.erb (Duration: 2.3ms | Allocations: 376)
Completed 200 OK in 352ms (Views: 61.4ms | ActiveRecord: 0.0ms | Allocations: 8984)


Started GET "/" for 127.0.0.1 at 2024-02-28 11:08:25 +0530
Processing by Rails::WelcomeController#index as HTML
  Rendering C:/Users/JEEVANSH/.local/share/gem/ruby/3.2.0/gems/railties-7.1.3.2/lib/rails/templates/rails/welcome/index.html.erb
  Rendered C:/Users/JEEVANSH/.local/share/gem/ruby/3.2.0/gems/railties-7.1.3.2/lib/rails/templates/rails/welcome/index.html.erb (Duration: 0.1ms | Allocations: 13)
Completed 200 OK in 9ms (Views: 1.6ms | ActiveRecord: 0.0ms | Allocations: 219)


Started GET "/" for 127.0.0.1 at 2024-02-28 11:28:42 +0530
Processing by PagesController#home as HTML
  Rendering layout layouts/application.html.erb
  Rendering pages/home.html.erb within layouts/application
  Rendered pages/home.html.erb within layouts/application (Duration: 1.5ms | Allocations: 95)
  Rendered layout layouts/application.html.erb (Duration: 1989.9ms | Allocations: 98834)
Completed 200 OK in 2029ms (Views: 2012.8ms | ActiveRecord: 0.0ms | Allocations: 99838)


Started GET "/" for 127.0.0.1 at 2024-02-28 11:33:20 +0530
Processing by PagesController#home as HTML
  Rendering layout layouts/application.html.erb
  Rendering pages/home.html.erb within layouts/application
  Rendered pages/home.html.erb within layouts/application (Duration: 1.9ms | Allocations: 95)
  Rendered layout layouts/application.html.erb (Duration: 307.7ms | Allocations: 18106)
Completed 200 OK in 354ms (Views: 333.6ms | ActiveRecord: 0.0ms | Allocations: 19019)


Started GET "/about" for 127.0.0.1 at 2024-02-28 11:37:39 +0530
Processing by PagesController#about as HTML
  Rendering layout layouts/application.html.erb
  Rendering pages/about.html.erb within layouts/application
  Rendered pages/about.html.erb within layouts/application (Duration: 2.2ms | Allocations: 94)
  Rendered layout layouts/application.html.erb (Duration: 13.0ms | Allocations: 1430)
Completed 200 OK in 31ms (Views: 15.1ms | ActiveRecord: 0.0ms | Allocations: 1759)


  [1m[36mActiveRecord::InternalMetadata Load (6.8ms)[0m  [1m[34mSELECT * FROM "ar_internal_metadata" WHERE "ar_internal_metadata"."key" = ? ORDER BY "ar_internal_metadata"."key" ASC LIMIT 1[0m  [[nil, "environment"]]
  [1m[36mActiveRecord::InternalMetadata Create (4.7ms)[0m  [1m[32mINSERT INTO "ar_internal_metadata" ("key", "value", "created_at", "updated_at") VALUES ('environment', 'development', '2024-02-28 08:55:24.310462', '2024-02-28 08:55:24.310469') RETURNING "key"[0m
  [1m[36mActiveRecord::SchemaMigration Load (0.2ms)[0m  [1m[34mSELECT "schema_migrations"."version" FROM "schema_migrations" ORDER BY "schema_migrations"."version" ASC[0m
Migrating to CreateArticles (20240228085247)
  [1m[36mTRANSACTION (0.1ms)[0m  [1m[36mbegin transaction[0m
  [1m[35m (2.6ms)[0m  [1m[35mCREATE TABLE "articles" ("id" integer PRIMARY KEY AUTOINCREMENT NOT NULL, "title" varchar, "description" text, "created_at" datetime(6) NOT NULL, "updated_at" datetime(6) NOT NULL)[0m
  [1m[36mActiveRecord::SchemaMigration Create (0.3ms)[0m  [1m[32mINSERT INTO "schema_migrations" ("version") VALUES ('20240228085247') RETURNING "version"[0m
  [1m[36mTRANSACTION (1.0ms)[0m  [1m[36mcommit transaction[0m
  [1m[36mActiveRecord::SchemaMigration Load (0.1ms)[0m  [1m[34mSELECT "schema_migrations"."version" FROM "schema_migrations" ORDER BY "schema_migrations"."version" ASC[0m
Started GET "/" for 127.0.0.1 at 2024-02-28 14:35:20 +0530
  [1m[36mActiveRecord::SchemaMigration Load (0.3ms)[0m  [1m[34mSELECT "schema_migrations"."version" FROM "schema_migrations" ORDER BY "schema_migrations"."version" ASC[0m
Processing by PagesController#home as HTML
  Rendering layout layouts/application.html.erb
  Rendering pages/home.html.erb within layouts/application
  Rendered pages/home.html.erb within layouts/application (Duration: 2.8ms | Allocations: 183)
  Rendered layout layouts/application.html.erb (Duration: 1361.8ms | Allocations: 35550)
Completed 200 OK in 2067ms (Views: 1520.7ms | ActiveRecord: 0.0ms | Allocations: 40311)


Started GET "/" for 127.0.0.1 at 2024-02-28 14:35:23 +0530
Processing by PagesController#home as HTML
  Rendering layout layouts/application.html.erb
  Rendering pages/home.html.erb within layouts/application
  Rendered pages/home.html.erb within layouts/application (Duration: 0.1ms | Allocations: 6)
  Rendered layout layouts/application.html.erb (Duration: 9.7ms | Allocations: 1321)
Completed 200 OK in 20ms (Views: 11.8ms | ActiveRecord: 0.0ms | Allocations: 1587)


Started GET "/articles" for 127.0.0.1 at 2024-02-28 14:35:38 +0530
Processing by ArticlesController#index as HTML
  Rendering layout layouts/application.html.erb
  Rendering articles/index.html.erb within layouts/application
  [1m[36mArticle Load (0.4ms)[0m  [1m[34mSELECT "articles".* FROM "articles"[0m
  ↳ app/views/articles/index.html.erb:6
  Rendered articles/index.html.erb within layouts/application (Duration: 13.2ms | Allocations: 1434)
  Rendered layout layouts/application.html.erb (Duration: 27.1ms | Allocations: 2588)
Completed 200 OK in 505ms (Views: 36.7ms | ActiveRecord: 10.3ms | Allocations: 13078)


Started GET "/articles/new" for 127.0.0.1 at 2024-02-28 14:35:54 +0530
Processing by ArticlesController#new as HTML
  Rendering layout layouts/application.html.erb
  Rendering articles/new.html.erb within layouts/application
  Rendered articles/_form.html.erb (Duration: 135.8ms | Allocations: 2905)
  Rendered articles/new.html.erb within layouts/application (Duration: 142.8ms | Allocations: 3223)
  Rendered layout layouts/application.html.erb (Duration: 157.2ms | Allocations: 4363)
Completed 200 OK in 271ms (Views: 165.8ms | ActiveRecord: 0.7ms | Allocations: 13823)


Started POST "/articles" for 127.0.0.1 at 2024-02-28 14:39:05 +0530
Processing by ArticlesController#create as TURBO_STREAM
  Parameters: {"authenticity_token"=>"[FILTERED]", "article"=>{"title"=>"first article", "description"=>"Description of 1st article"}, "commit"=>"Create Article"}
  [1m[36mTRANSACTION (0.1ms)[0m  [1m[36mbegin transaction[0m
  ↳ app/controllers/articles_controller.rb:27:in `block in create'
  [1m[36mArticle Create (4.2ms)[0m  [1m[32mINSERT INTO "articles" ("title", "description", "created_at", "updated_at") VALUES (?, ?, ?, ?) RETURNING "id"[0m  [["title", "first article"], ["description", "Description of 1st article"], ["created_at", "2024-02-28 09:09:06.061380"], ["updated_at", "2024-02-28 09:09:06.061380"]]
  ↳ app/controllers/articles_controller.rb:27:in `block in create'
  [1m[36mTRANSACTION (3.8ms)[0m  [1m[36mcommit transaction[0m
  ↳ app/controllers/articles_controller.rb:27:in `block in create'
Redirected to http://127.0.0.1:3000/articles/1
Completed 302 Found in 38ms (ActiveRecord: 8.1ms | Allocations: 3414)


Started GET "/articles/1" for 127.0.0.1 at 2024-02-28 14:39:06 +0530
Processing by ArticlesController#show as TURBO_STREAM
  Parameters: {"id"=>"1"}
  [1m[36mArticle Load (0.5ms)[0m  [1m[34mSELECT "articles".* FROM "articles" WHERE "articles"."id" = ? LIMIT ?[0m  [["id", 1], ["LIMIT", 1]]
  ↳ app/controllers/articles_controller.rb:63:in `set_article'
  Rendering layout layouts/application.html.erb
  Rendering articles/show.html.erb within layouts/application
  Rendered articles/_article.html.erb (Duration: 1.9ms | Allocations: 185)
  Rendered articles/show.html.erb within layouts/application (Duration: 55.0ms | Allocations: 1322)
  Rendered layout layouts/application.html.erb (Duration: 67.4ms | Allocations: 2457)
Completed 200 OK in 162ms (Views: 70.3ms | ActiveRecord: 0.5ms | Allocations: 5545)


Started GET "/articles" for 127.0.0.1 at 2024-02-28 14:39:29 +0530
Processing by ArticlesController#index as HTML
  Rendering layout layouts/application.html.erb
  Rendering articles/index.html.erb within layouts/application
  [1m[36mArticle Load (0.2ms)[0m  [1m[34mSELECT "articles".* FROM "articles"[0m
  ↳ app/views/articles/index.html.erb:6
  Rendered articles/_article.html.erb (Duration: 0.1ms | Allocations: 19)
  Rendered articles/index.html.erb within layouts/application (Duration: 4.2ms | Allocations: 739)
  Rendered layout layouts/application.html.erb (Duration: 13.7ms | Allocations: 1878)
Completed 200 OK in 23ms (Views: 15.3ms | ActiveRecord: 0.1ms | Allocations: 2163)


Started GET "/articles/new" for 127.0.0.1 at 2024-02-28 14:39:37 +0530
Processing by ArticlesController#new as HTML
  Rendering layout layouts/application.html.erb
  Rendering articles/new.html.erb within layouts/application
  Rendered articles/_form.html.erb (Duration: 5.9ms | Allocations: 757)
  Rendered articles/new.html.erb within layouts/application (Duration: 8.0ms | Allocations: 836)
  Rendered layout layouts/application.html.erb (Duration: 33.7ms | Allocations: 1975)
Completed 200 OK in 52ms (Views: 36.6ms | ActiveRecord: 0.0ms | Allocations: 2264)


Started POST "/articles" for 127.0.0.1 at 2024-02-28 14:39:54 +0530
Processing by ArticlesController#create as TURBO_STREAM
  Parameters: {"authenticity_token"=>"[FILTERED]", "article"=>{"title"=>"second article", "description"=>"description of 2nd article"}, "commit"=>"Create Article"}
  [1m[36mTRANSACTION (0.1ms)[0m  [1m[36mbegin transaction[0m
  ↳ app/controllers/articles_controller.rb:27:in `block in create'
  [1m[36mArticle Create (2.3ms)[0m  [1m[32mINSERT INTO "articles" ("title", "description", "created_at", "updated_at") VALUES (?, ?, ?, ?) RETURNING "id"[0m  [["title", "second article"], ["description", "description of 2nd article"], ["created_at", "2024-02-28 09:09:54.479201"], ["updated_at", "2024-02-28 09:09:54.479201"]]
  ↳ app/controllers/articles_controller.rb:27:in `block in create'
  [1m[36mTRANSACTION (0.3ms)[0m  [1m[36mcommit transaction[0m
  ↳ app/controllers/articles_controller.rb:27:in `block in create'
Redirected to http://127.0.0.1:3000/articles/2
Completed 302 Found in 17ms (ActiveRecord: 2.6ms | Allocations: 1916)


Started GET "/articles/2" for 127.0.0.1 at 2024-02-28 14:39:54 +0530
Processing by ArticlesController#show as TURBO_STREAM
  Parameters: {"id"=>"2"}
  [1m[36mArticle Load (0.2ms)[0m  [1m[34mSELECT "articles".* FROM "articles" WHERE "articles"."id" = ? LIMIT ?[0m  [["id", 2], ["LIMIT", 1]]
  ↳ app/controllers/articles_controller.rb:63:in `set_article'
  Rendering layout layouts/application.html.erb
  Rendering articles/show.html.erb within layouts/application
  Rendered articles/_article.html.erb (Duration: 0.1ms | Allocations: 19)
  Rendered articles/show.html.erb within layouts/application (Duration: 2.7ms | Allocations: 473)
  Rendered layout layouts/application.html.erb (Duration: 12.7ms | Allocations: 1622)
Completed 200 OK in 24ms (Views: 14.8ms | ActiveRecord: 0.1ms | Allocations: 2256)


Started GET "/articles" for 127.0.0.1 at 2024-02-28 14:41:31 +0530
Processing by ArticlesController#index as HTML
  Rendering layout layouts/application.html.erb
  Rendering articles/index.html.erb within layouts/application
  [1m[36mArticle Load (0.3ms)[0m  [1m[34mSELECT "articles".* FROM "articles"[0m
  ↳ app/views/articles/index.html.erb:6
  Rendered articles/_article.html.erb (Duration: 0.2ms | Allocations: 19)
  Rendered articles/_article.html.erb (Duration: 0.2ms | Allocations: 18)
  Rendered articles/index.html.erb within layouts/application (Duration: 10.5ms | Allocations: 874)
  Rendered layout layouts/application.html.erb (Duration: 30.5ms | Allocations: 2015)
Completed 200 OK in 46ms (Views: 32.8ms | ActiveRecord: 0.3ms | Allocations: 2296)


Started GET "/articles/2" for 127.0.0.1 at 2024-02-28 14:41:33 +0530
Started GET "/articles/new" for 127.0.0.1 at 2024-02-28 14:41:33 +0530
Processing by ArticlesController#show as HTML
  Parameters: {"id"=>"2"}
  [1m[36mArticle Load (0.3ms)[0m  [1m[34mSELECT "articles".* FROM "articles" WHERE "articles"."id" = ? LIMIT ?[0m  [["id", 2], ["LIMIT", 1]]
  ↳ app/controllers/articles_controller.rb:63:in `set_article'
  Rendering layout layouts/application.html.erb
  Rendering articles/show.html.erb within layouts/application
  Rendered articles/_article.html.erb (Duration: 0.2ms | Allocations: 19)
  Rendered articles/show.html.erb within layouts/application (Duration: 3.6ms | Allocations: 453)
  Rendered layout layouts/application.html.erb (Duration: 28.7ms | Allocations: 1659)
Completed 200 OK in 57ms (Views: 31.8ms | ActiveRecord: 0.2ms | Allocations: 2322)


Processing by ArticlesController#new as HTML
  Rendering layout layouts/application.html.erb
  Rendering articles/new.html.erb within layouts/application
  Rendered articles/_form.html.erb (Duration: 2.5ms | Allocations: 732)
  Rendered articles/new.html.erb within layouts/application (Duration: 3.5ms | Allocations: 811)
  Rendered layout layouts/application.html.erb (Duration: 16.1ms | Allocations: 1949)
Completed 200 OK in 28ms (Views: 18.4ms | ActiveRecord: 0.0ms | Allocations: 2232)


Started GET "/articles/2" for 127.0.0.1 at 2024-02-28 14:41:34 +0530
Processing by ArticlesController#show as HTML
  Parameters: {"id"=>"2"}
  [1m[36mArticle Load (0.2ms)[0m  [1m[34mSELECT "articles".* FROM "articles" WHERE "articles"."id" = ? LIMIT ?[0m  [["id", 2], ["LIMIT", 1]]
  ↳ app/controllers/articles_controller.rb:63:in `set_article'
  Rendering layout layouts/application.html.erb
  Rendering articles/show.html.erb within layouts/application
  Rendered articles/_article.html.erb (Duration: 0.1ms | Allocations: 19)
  Rendered articles/show.html.erb within layouts/application (Duration: 2.2ms | Allocations: 469)
  Rendered layout layouts/application.html.erb (Duration: 12.2ms | Allocations: 1603)
Completed 200 OK in 24ms (Views: 13.8ms | ActiveRecord: 0.1ms | Allocations: 2232)


Started GET "/articles/1" for 127.0.0.1 at 2024-02-28 14:41:42 +0530
Processing by ArticlesController#show as HTML
  Parameters: {"id"=>"1"}
  [1m[36mArticle Load (0.2ms)[0m  [1m[34mSELECT "articles".* FROM "articles" WHERE "articles"."id" = ? LIMIT ?[0m  [["id", 1], ["LIMIT", 1]]
  ↳ app/controllers/articles_controller.rb:63:in `set_article'
  Rendering layout layouts/application.html.erb
  Rendering articles/show.html.erb within layouts/application
  Rendered articles/_article.html.erb (Duration: 0.2ms | Allocations: 19)
  Rendered articles/show.html.erb within layouts/application (Duration: 3.5ms | Allocations: 454)
  Rendered layout layouts/application.html.erb (Duration: 20.0ms | Allocations: 1588)
Completed 200 OK in 42ms (Views: 23.9ms | ActiveRecord: 0.2ms | Allocations: 2224)


Started GET "/articles/new" for 127.0.0.1 at 2024-02-28 14:41:44 +0530
Processing by ArticlesController#new as HTML
  Rendering layout layouts/application.html.erb
  Rendering articles/new.html.erb within layouts/application
  Rendered articles/_form.html.erb (Duration: 2.2ms | Allocations: 732)
  Rendered articles/new.html.erb within layouts/application (Duration: 3.0ms | Allocations: 811)
  Rendered layout layouts/application.html.erb (Duration: 12.9ms | Allocations: 1949)
Completed 200 OK in 22ms (Views: 14.8ms | ActiveRecord: 0.0ms | Allocations: 2232)


Started GET "/articles/2" for 127.0.0.1 at 2024-02-28 14:41:45 +0530
Processing by ArticlesController#show as HTML
  Parameters: {"id"=>"2"}
  [1m[36mArticle Load (0.1ms)[0m  [1m[34mSELECT "articles".* FROM "articles" WHERE "articles"."id" = ? LIMIT ?[0m  [["id", 2], ["LIMIT", 1]]
  ↳ app/controllers/articles_controller.rb:63:in `set_article'
  Rendering layout layouts/application.html.erb
  Rendering articles/show.html.erb within layouts/application
  Rendered articles/_article.html.erb (Duration: 0.1ms | Allocations: 19)
  Rendered articles/show.html.erb within layouts/application (Duration: 2.2ms | Allocations: 475)
  Rendered layout layouts/application.html.erb (Duration: 14.9ms | Allocations: 1609)
Completed 200 OK in 26ms (Views: 16.6ms | ActiveRecord: 0.1ms | Allocations: 2239)


Started GET "/articles/1" for 127.0.0.1 at 2024-02-28 14:41:46 +0530
Processing by ArticlesController#show as HTML
  Parameters: {"id"=>"1"}
  [1m[36mArticle Load (0.1ms)[0m  [1m[34mSELECT "articles".* FROM "articles" WHERE "articles"."id" = ? LIMIT ?[0m  [["id", 1], ["LIMIT", 1]]
  ↳ app/controllers/articles_controller.rb:63:in `set_article'
  Rendering layout layouts/application.html.erb
  Rendering articles/show.html.erb within layouts/application
  Rendered articles/_article.html.erb (Duration: 0.1ms | Allocations: 19)
  Rendered articles/show.html.erb within layouts/application (Duration: 2.7ms | Allocations: 472)
  Rendered layout layouts/application.html.erb (Duration: 11.6ms | Allocations: 1607)
Completed 200 OK in 22ms (Views: 13.1ms | ActiveRecord: 0.1ms | Allocations: 2236)


Started GET "/articles/1" for 127.0.0.1 at 2024-02-28 14:41:52 +0530
Processing by ArticlesController#show as HTML
  Parameters: {"id"=>"1"}
  [1m[36mArticle Load (0.2ms)[0m  [1m[34mSELECT "articles".* FROM "articles" WHERE "articles"."id" = ? LIMIT ?[0m  [["id", 1], ["LIMIT", 1]]
  ↳ app/controllers/articles_controller.rb:63:in `set_article'
  Rendering layout layouts/application.html.erb
  Rendering articles/show.html.erb within layouts/application
  Rendered articles/_article.html.erb (Duration: 0.1ms | Allocations: 19)
  Rendered articles/show.html.erb within layouts/application (Duration: 3.0ms | Allocations: 451)
  Rendered layout layouts/application.html.erb (Duration: 16.5ms | Allocations: 1585)
Completed 200 OK in 31ms (Views: 18.7ms | ActiveRecord: 0.2ms | Allocations: 2214)


Started GET "/articles/1/edit" for 127.0.0.1 at 2024-02-28 14:41:54 +0530
Processing by ArticlesController#edit as HTML
  Parameters: {"id"=>"1"}
  [1m[36mArticle Load (0.2ms)[0m  [1m[34mSELECT "articles".* FROM "articles" WHERE "articles"."id" = ? LIMIT ?[0m  [["id", 1], ["LIMIT", 1]]
  ↳ app/controllers/articles_controller.rb:63:in `set_article'
  Rendering layout layouts/application.html.erb
  Rendering articles/edit.html.erb within layouts/application
  Rendered articles/_form.html.erb (Duration: 2.6ms | Allocations: 793)
  Rendered articles/edit.html.erb within layouts/application (Duration: 5.3ms | Allocations: 1051)
  Rendered layout layouts/application.html.erb (Duration: 16.4ms | Allocations: 2185)
Completed 200 OK in 33ms (Views: 18.3ms | ActiveRecord: 0.2ms | Allocations: 2875)


Started GET "/articles/1/edit" for 127.0.0.1 at 2024-02-28 14:42:01 +0530
Processing by ArticlesController#edit as HTML
  Parameters: {"id"=>"1"}
  [1m[36mArticle Load (0.2ms)[0m  [1m[34mSELECT "articles".* FROM "articles" WHERE "articles"."id" = ? LIMIT ?[0m  [["id", 1], ["LIMIT", 1]]
  ↳ app/controllers/articles_controller.rb:63:in `set_article'
  Rendering layout layouts/application.html.erb
  Rendering articles/edit.html.erb within layouts/application
  Rendered articles/_form.html.erb (Duration: 3.7ms | Allocations: 768)
  Rendered articles/edit.html.erb within layouts/application (Duration: 5.3ms | Allocations: 872)
  Rendered layout layouts/application.html.erb (Duration: 23.4ms | Allocations: 2006)
Completed 200 OK in 43ms (Views: 26.1ms | ActiveRecord: 0.2ms | Allocations: 2635)


Started PATCH "/articles/1" for 127.0.0.1 at 2024-02-28 14:42:13 +0530
Processing by ArticlesController#update as TURBO_STREAM
  Parameters: {"authenticity_token"=>"[FILTERED]", "article"=>{"title"=>"first article", "description"=>"Description of 1st article- edidted"}, "commit"=>"Update Article", "id"=>"1"}
  [1m[36mArticle Load (0.1ms)[0m  [1m[34mSELECT "articles".* FROM "articles" WHERE "articles"."id" = ? LIMIT ?[0m  [["id", 1], ["LIMIT", 1]]
  ↳ app/controllers/articles_controller.rb:63:in `set_article'
  [1m[36mTRANSACTION (0.1ms)[0m  [1m[36mbegin transaction[0m
  ↳ app/controllers/articles_controller.rb:40:in `block in update'
  [1m[36mArticle Update (3.6ms)[0m  [1m[33mUPDATE "articles" SET "description" = ?, "updated_at" = ? WHERE "articles"."id" = ?[0m  [["description", "Description of 1st article- edidted"], ["updated_at", "2024-02-28 09:12:13.893020"], ["id", 1]]
  ↳ app/controllers/articles_controller.rb:40:in `block in update'
  [1m[36mTRANSACTION (0.3ms)[0m  [1m[36mcommit transaction[0m
  ↳ app/controllers/articles_controller.rb:40:in `block in update'
Redirected to http://127.0.0.1:3000/articles/1
Completed 302 Found in 26ms (ActiveRecord: 4.1ms | Allocations: 2535)


Started GET "/articles/1" for 127.0.0.1 at 2024-02-28 14:42:13 +0530
Processing by ArticlesController#show as TURBO_STREAM
  Parameters: {"id"=>"1"}
  [1m[36mArticle Load (0.1ms)[0m  [1m[34mSELECT "articles".* FROM "articles" WHERE "articles"."id" = ? LIMIT ?[0m  [["id", 1], ["LIMIT", 1]]
  ↳ app/controllers/articles_controller.rb:63:in `set_article'
  Rendering layout layouts/application.html.erb
  Rendering articles/show.html.erb within layouts/application
  Rendered articles/_article.html.erb (Duration: 0.2ms | Allocations: 19)
  Rendered articles/show.html.erb within layouts/application (Duration: 3.3ms | Allocations: 488)
  Rendered layout layouts/application.html.erb (Duration: 13.2ms | Allocations: 1622)
Completed 200 OK in 24ms (Views: 14.8ms | ActiveRecord: 0.1ms | Allocations: 2254)


Started GET "/articles" for 127.0.0.1 at 2024-02-28 14:42:17 +0530
Processing by ArticlesController#index as HTML
  Rendering layout layouts/application.html.erb
  Rendering articles/index.html.erb within layouts/application
  [1m[36mArticle Load (0.2ms)[0m  [1m[34mSELECT "articles".* FROM "articles"[0m
  ↳ app/views/articles/index.html.erb:6
  Rendered articles/_article.html.erb (Duration: 0.1ms | Allocations: 19)
  Rendered articles/_article.html.erb (Duration: 0.1ms | Allocations: 18)
  Rendered articles/index.html.erb within layouts/application (Duration: 6.3ms | Allocations: 847)
  Rendered layout layouts/application.html.erb (Duration: 18.6ms | Allocations: 1986)
Completed 200 OK in 29ms (Views: 20.4ms | ActiveRecord: 0.2ms | Allocations: 2267)


Started GET "/articles/1" for 127.0.0.1 at 2024-02-28 14:43:11 +0530
Processing by ArticlesController#show as HTML
  Parameters: {"id"=>"1"}
  [1m[36mArticle Load (0.3ms)[0m  [1m[34mSELECT "articles".* FROM "articles" WHERE "articles"."id" = ? LIMIT ?[0m  [["id", 1], ["LIMIT", 1]]
  ↳ app/controllers/articles_controller.rb:63:in `set_article'
  Rendering layout layouts/application.html.erb
  Rendering articles/show.html.erb within layouts/application
  Rendered articles/_article.html.erb (Duration: 0.2ms | Allocations: 19)
  Rendered articles/show.html.erb within layouts/application (Duration: 3.5ms | Allocations: 463)
  Rendered layout layouts/application.html.erb (Duration: 17.5ms | Allocations: 1597)
Completed 200 OK in 34ms (Views: 19.9ms | ActiveRecord: 0.2ms | Allocations: 2226)


Started GET "/articles/1/edit" for 127.0.0.1 at 2024-02-28 14:43:13 +0530
Processing by ArticlesController#edit as HTML
  Parameters: {"id"=>"1"}
  [1m[36mArticle Load (0.1ms)[0m  [1m[34mSELECT "articles".* FROM "articles" WHERE "articles"."id" = ? LIMIT ?[0m  [["id", 1], ["LIMIT", 1]]
  ↳ app/controllers/articles_controller.rb:63:in `set_article'
  Rendering layout layouts/application.html.erb
  Rendering articles/edit.html.erb within layouts/application
  Rendered articles/_form.html.erb (Duration: 2.1ms | Allocations: 774)
  Rendered articles/edit.html.erb within layouts/application (Duration: 3.1ms | Allocations: 878)
  Rendered layout layouts/application.html.erb (Duration: 11.3ms | Allocations: 2012)
Completed 200 OK in 20ms (Views: 12.7ms | ActiveRecord: 0.1ms | Allocations: 2641)


Started GET "/articles" for 127.0.0.1 at 2024-02-28 14:43:15 +0530
Processing by ArticlesController#index as HTML
  Rendering layout layouts/application.html.erb
  Rendering articles/index.html.erb within layouts/application
  [1m[36mArticle Load (0.3ms)[0m  [1m[34mSELECT "articles".* FROM "articles"[0m
  ↳ app/views/articles/index.html.erb:6
  Rendered articles/_article.html.erb (Duration: 0.3ms | Allocations: 19)
  Rendered articles/_article.html.erb (Duration: 0.2ms | Allocations: 18)
  Rendered articles/index.html.erb within layouts/application (Duration: 9.2ms | Allocations: 856)
  Rendered layout layouts/application.html.erb (Duration: 35.5ms | Allocations: 1996)
Completed 200 OK in 53ms (Views: 38.1ms | ActiveRecord: 0.3ms | Allocations: 2277)


Started GET "/articles/1" for 127.0.0.1 at 2024-02-28 14:43:17 +0530
Processing by ArticlesController#show as HTML
  Parameters: {"id"=>"1"}
  [1m[36mArticle Load (0.2ms)[0m  [1m[34mSELECT "articles".* FROM "articles" WHERE "articles"."id" = ? LIMIT ?[0m  [["id", 1], ["LIMIT", 1]]
  ↳ app/controllers/articles_controller.rb:63:in `set_article'
  Rendering layout layouts/application.html.erb
  Rendering articles/show.html.erb within layouts/application
  Rendered articles/_article.html.erb (Duration: 0.1ms | Allocations: 19)
  Rendered articles/show.html.erb within layouts/application (Duration: 3.6ms | Allocations: 454)
  Rendered layout layouts/application.html.erb (Duration: 14.0ms | Allocations: 1592)
Completed 200 OK in 27ms (Views: 15.8ms | ActiveRecord: 0.2ms | Allocations: 2221)


Started GET "/articles" for 127.0.0.1 at 2024-02-28 14:43:19 +0530
Processing by ArticlesController#index as HTML
  Rendering layout layouts/application.html.erb
  Rendering articles/index.html.erb within layouts/application
  [1m[36mArticle Load (0.5ms)[0m  [1m[34mSELECT "articles".* FROM "articles"[0m
  ↳ app/views/articles/index.html.erb:6
  Rendered articles/_article.html.erb (Duration: 0.2ms | Allocations: 19)
  Rendered articles/_article.html.erb (Duration: 0.2ms | Allocations: 18)
  Rendered articles/index.html.erb within layouts/application (Duration: 8.7ms | Allocations: 862)
  Rendered layout layouts/application.html.erb (Duration: 25.6ms | Allocations: 2001)
Completed 200 OK in 43ms (Views: 29.4ms | ActiveRecord: 0.4ms | Allocations: 2283)


Started GET "/articles/1" for 127.0.0.1 at 2024-02-28 14:43:23 +0530
Processing by ArticlesController#show as HTML
  Parameters: {"id"=>"1"}
  [1m[36mArticle Load (0.2ms)[0m  [1m[34mSELECT "articles".* FROM "articles" WHERE "articles"."id" = ? LIMIT ?[0m  [["id", 1], ["LIMIT", 1]]
  ↳ app/controllers/articles_controller.rb:63:in `set_article'
  Rendering layout layouts/application.html.erb
  Rendering articles/show.html.erb within layouts/application
  Rendered articles/_article.html.erb (Duration: 0.1ms | Allocations: 19)
  Rendered articles/show.html.erb within layouts/application (Duration: 2.0ms | Allocations: 460)
  Rendered layout layouts/application.html.erb (Duration: 11.4ms | Allocations: 1594)
Completed 200 OK in 22ms (Views: 13.0ms | ActiveRecord: 0.1ms | Allocations: 2223)


Started GET "/articles/2" for 127.0.0.1 at 2024-02-28 14:43:24 +0530
Processing by ArticlesController#show as HTML
  Parameters: {"id"=>"2"}
  [1m[36mArticle Load (0.2ms)[0m  [1m[34mSELECT "articles".* FROM "articles" WHERE "articles"."id" = ? LIMIT ?[0m  [["id", 2], ["LIMIT", 1]]
  ↳ app/controllers/articles_controller.rb:63:in `set_article'
  Rendering layout layouts/application.html.erb
  Rendering articles/show.html.erb within layouts/application
  Rendered articles/_article.html.erb (Duration: 0.1ms | Allocations: 19)
  Rendered articles/show.html.erb within layouts/application (Duration: 2.2ms | Allocations: 442)
  Rendered layout layouts/application.html.erb (Duration: 11.8ms | Allocations: 1576)
Completed 200 OK in 22ms (Views: 13.4ms | ActiveRecord: 0.2ms | Allocations: 2205)


Started DELETE "/articles/2" for 127.0.0.1 at 2024-02-28 14:43:28 +0530
Processing by ArticlesController#destroy as TURBO_STREAM
  Parameters: {"authenticity_token"=>"[FILTERED]", "id"=>"2"}
  [1m[36mArticle Load (0.2ms)[0m  [1m[34mSELECT "articles".* FROM "articles" WHERE "articles"."id" = ? LIMIT ?[0m  [["id", 2], ["LIMIT", 1]]
  ↳ app/controllers/articles_controller.rb:63:in `set_article'
  [1m[36mTRANSACTION (0.1ms)[0m  [1m[36mbegin transaction[0m
  ↳ app/controllers/articles_controller.rb:52:in `destroy'
  [1m[36mArticle Destroy (3.2ms)[0m  [1m[31mDELETE FROM "articles" WHERE "articles"."id" = ?[0m  [["id", 2]]
  ↳ app/controllers/articles_controller.rb:52:in `destroy'
  [1m[36mTRANSACTION (0.2ms)[0m  [1m[36mcommit transaction[0m
  ↳ app/controllers/articles_controller.rb:52:in `destroy'
Redirected to http://127.0.0.1:3000/articles
Completed 302 Found in 19ms (ActiveRecord: 3.6ms | Allocations: 2000)


Started GET "/articles" for 127.0.0.1 at 2024-02-28 14:43:28 +0530
Processing by ArticlesController#index as TURBO_STREAM
  Rendering layout layouts/application.html.erb
  Rendering articles/index.html.erb within layouts/application
  [1m[36mArticle Load (0.1ms)[0m  [1m[34mSELECT "articles".* FROM "articles"[0m
  ↳ app/views/articles/index.html.erb:6
  Rendered articles/_article.html.erb (Duration: 0.1ms | Allocations: 19)
  Rendered articles/index.html.erb within layouts/application (Duration: 4.7ms | Allocations: 757)
  Rendered layout layouts/application.html.erb (Duration: 14.2ms | Allocations: 1896)
Completed 200 OK in 22ms (Views: 15.7ms | ActiveRecord: 0.1ms | Allocations: 2180)


Started GET "/articles/1" for 127.0.0.1 at 2024-02-28 14:43:30 +0530
Processing by ArticlesController#show as HTML
  Parameters: {"id"=>"1"}
  [1m[36mArticle Load (0.1ms)[0m  [1m[34mSELECT "articles".* FROM "articles" WHERE "articles"."id" = ? LIMIT ?[0m  [["id", 1], ["LIMIT", 1]]
  ↳ app/controllers/articles_controller.rb:63:in `set_article'
  Rendering layout layouts/application.html.erb
  Rendering articles/show.html.erb within layouts/application
  Rendered articles/_article.html.erb (Duration: 0.1ms | Allocations: 19)
  Rendered articles/show.html.erb within layouts/application (Duration: 2.0ms | Allocations: 463)
  Rendered layout layouts/application.html.erb (Duration: 11.5ms | Allocations: 1597)
Completed 200 OK in 23ms (Views: 13.1ms | ActiveRecord: 0.1ms | Allocations: 2226)


